<?xml version="1.0" encoding="UTF-8"?>
<!-- Generated by org.testng.reporters.JUnitXMLReporter -->
<testsuite ignored="2" hostname="DESKTOP-BQJ0HP0" failures="0" tests="0" time="0.039" errors="0" timestamp="2022-01-25T13:34:46 IST">
  <testcase classname="com.crm.comcast.orgTest.test_001" name="crtOrgModule" time="0.0">
    <ignored/>
  </testcase> <!-- crtOrgModule -->
  <testcase classname="com.crm.comcast.orgTest.test_tc_25" name="moduleTest" time="0.0">
    <ignored/>
  </testcase> <!-- moduleTest -->
</testsuite>
