<?xml version="1.0" encoding="UTF-8"?>
<testng-results ignored="0" total="2" passed="2" failed="0" skipped="0">
  <reporter-output>
  </reporter-output>
  <suite started-at="2022-02-01T23:23:31 IST" name="Default suite" finished-at="2022-02-01T23:26:57 IST" duration-ms="206190">
    <groups>
    </groups>
    <test started-at="2022-02-01T23:23:31 IST" name="Default test" finished-at="2022-02-01T23:26:57 IST" duration-ms="206190">
      <class name="com.crm.comcast.orgTest.tc_25Test">
        <test-method is-config="true" signature="openBrowser()[pri:0, instance:com.crm.comcast.orgTest.tc_25Test@4d02f94e]" started-at="2022-02-01T23:23:31 IST" name="openBrowser" finished-at="2022-02-01T23:23:40 IST" duration-ms="9107" status="PASS">
          <reporter-output>
          </reporter-output>
        </test-method> <!-- openBrowser -->
        <test-method is-config="true" signature="logIn()[pri:0, instance:com.crm.comcast.orgTest.tc_25Test@4d02f94e]" started-at="2022-02-01T23:23:40 IST" name="logIn" finished-at="2022-02-01T23:24:00 IST" duration-ms="19106" status="PASS">
          <reporter-output>
          </reporter-output>
        </test-method> <!-- logIn -->
        <test-method signature="moduleTest()[pri:0, instance:com.crm.comcast.orgTest.tc_25Test@4d02f94e]" started-at="2022-02-01T23:24:00 IST" name="moduleTest" finished-at="2022-02-01T23:24:42 IST" duration-ms="42081" status="PASS">
          <reporter-output>
          </reporter-output>
        </test-method> <!-- moduleTest -->
        <test-method is-config="true" signature="logOut()[pri:0, instance:com.crm.comcast.orgTest.tc_25Test@4d02f94e]" started-at="2022-02-01T23:24:42 IST" name="logOut" finished-at="2022-02-01T23:24:42 IST" duration-ms="591" status="PASS">
          <reporter-output>
          </reporter-output>
        </test-method> <!-- logOut -->
        <test-method is-config="true" signature="closeBrowser()[pri:0, instance:com.crm.comcast.orgTest.tc_25Test@4d02f94e]" started-at="2022-02-01T23:24:42 IST" name="closeBrowser" finished-at="2022-02-01T23:24:43 IST" duration-ms="637" status="PASS">
          <reporter-output>
          </reporter-output>
        </test-method> <!-- closeBrowser -->
      </class> <!-- com.crm.comcast.orgTest.tc_25Test -->
      <class name="com.crm.comcast.orgTest.tc_001Test">
        <test-method is-config="true" signature="openBrowser()[pri:0, instance:com.crm.comcast.orgTest.tc_001Test@3d5c822d]" started-at="2022-02-01T23:24:43 IST" name="openBrowser" finished-at="2022-02-01T23:24:48 IST" duration-ms="5109" status="PASS">
          <reporter-output>
          </reporter-output>
        </test-method> <!-- openBrowser -->
        <test-method is-config="true" signature="logIn()[pri:0, instance:com.crm.comcast.orgTest.tc_001Test@3d5c822d]" started-at="2022-02-01T23:24:48 IST" name="logIn" finished-at="2022-02-01T23:25:07 IST" duration-ms="18737" status="PASS">
          <reporter-output>
          </reporter-output>
        </test-method> <!-- logIn -->
        <test-method signature="crtOrgModule()[pri:0, instance:com.crm.comcast.orgTest.tc_001Test@3d5c822d]" started-at="2022-02-01T23:25:07 IST" name="crtOrgModule" finished-at="2022-02-01T23:26:56 IST" duration-ms="109686" status="PASS">
          <reporter-output>
          </reporter-output>
        </test-method> <!-- crtOrgModule -->
        <test-method is-config="true" signature="logOut()[pri:0, instance:com.crm.comcast.orgTest.tc_001Test@3d5c822d]" started-at="2022-02-01T23:26:56 IST" name="logOut" finished-at="2022-02-01T23:26:57 IST" duration-ms="450" status="PASS">
          <reporter-output>
          </reporter-output>
        </test-method> <!-- logOut -->
        <test-method is-config="true" signature="closeBrowser()[pri:0, instance:com.crm.comcast.orgTest.tc_001Test@3d5c822d]" started-at="2022-02-01T23:26:57 IST" name="closeBrowser" finished-at="2022-02-01T23:26:57 IST" duration-ms="398" status="PASS">
          <reporter-output>
          </reporter-output>
        </test-method> <!-- closeBrowser -->
      </class> <!-- com.crm.comcast.orgTest.tc_001Test -->
    </test> <!-- Default test -->
  </suite> <!-- Default suite -->
</testng-results>
